2025-07-31 14:12:37,473,dht1_T, dht2_T, dht3_T, dht1_H, dht2_H, dht3_H, hm, tm, CO2, eCO2, TVOC, t_min, t_max, h_min, h_max, heat_rele, hum_rele, fan_rele
2025-07-31 14:12:50,621,23,24,24,52,53,68,52,24,-888,0,0,15,49,10,53,0,0,0
2025-07-31 14:12:56,707,23,24,24,52,53,68,52,24,1756,793,59,15,50,10,53,0,0,0
2025-07-31 14:13:02,771,23,24,24,53,53,68,53,24,1754,1511,178,15,50,10,53,0,0,1
2025-07-31 14:13:08,846,23,24,24,53,53,68,53,24,1754,1019,94,15,50,10,53,0,0,1
2025-07-31 14:13:14,909,23,24,24,53,53,68,53,24,1754,1188,120,15,50,10,53,0,0,1
2025-07-31 14:13:20,997,23,24,24,53,53,69,53,24,1754,1188,120,15,49,10,53,0,0,1
2025-07-31 14:13:27,174,23,24,24,53,53,68,53,24,1754,1150,114,15,49,10,53,0,0,1
2025-07-31 14:13:33,251,23,24,24,53,53,68,53,24,1754,1137,112,15,49,10,53,0,0,1
2025-07-31 14:13:39,312,23,24,24,52,53,68,52,24,1754,1128,110,15,50,10,53,0,0,0
2025-07-31 14:13:45,437,23,24,24,52,53,68,52,24,1754,1389,150,15,50,10,53,0,0,0
2025-07-31 14:13:51,547,23,24,24,52,53,68,52,24,1756,1334,142,15,50,10,53,0,0,0
2025-07-31 14:13:57,719,23,24,24,53,53,68,53,24,1752,1266,131,15,50,10,53,0,0,1
2025-07-31 14:14:03,779,23,24,24,53,53,68,53,24,1754,848,68,15,50,10,53,0,0,1
2025-07-31 14:14:09,885,23,24,24,53,53,68,53,24,1754,909,77,15,50,10,53,0,0,1
2025-07-31 14:14:16,045,23,24,24,53,53,68,53,24,1752,940,82,15,50,10,53,0,0,1
2025-07-31 14:14:22,108,23,24,24,53,53,68,53,24,1752,918,78,15,49,10,53,0,0,1
2025-07-31 14:14:28,202,23,24,24,52,53,68,52,24,1752,870,71,15,50,10,53,0,0,0
2025-07-31 14:14:34,284,23,24,24,52,53,68,52,24,1752,1137,112,15,50,10,53,0,0,0
2025-07-31 14:14:40,397,23,24,24,52,53,68,52,24,1752,983,88,15,49,10,53,0,0,0
2025-07-31 14:14:46,489,23,24,24,52,53,68,52,24,1752,810,62,15,49,10,53,0,0,0
2025-07-31 14:14:52,639,23,24,24,53,53,68,53,24,1752,785,58,15,50,10,53,0,0,1
2025-07-31 14:14:58,853,23,24,24,53,53,68,53,24,1752,726,49,15,50,10,53,0,0,1
2025-07-31 14:15:04,969,23,24,24,53,53,69,53,24,1752,1908,596,15,49,10,53,0,0,1
2025-07-31 14:15:11,072,23,24,24,53,53,69,53,24,1752,1908,596,15,50,10,53,0,0,1
2025-07-31 14:15:17,102,23,24,24,52,53,69,52,24,1754,1913,603,15,49,10,53,0,0,0
2025-07-31 14:15:23,213,23,24,24,52,53,68,52,24,1754,2072,868,15,50,10,53,0,0,0
2025-07-31 14:15:29,355,23,24,24,52,53,68,52,24,1752,1993,734,15,50,10,53,0,0,0
2025-07-31 14:15:35,440,23,24,24,53,53,68,53,24,1752,2012,767,15,50,10,53,0,0,1
2025-07-31 14:15:41,532,23,24,24,53,53,68,53,24,1752,1829,487,15,50,10,53,0,0,1
2025-07-31 14:15:47,575,23,24,24,53,53,69,53,24,1752,1880,555,15,50,10,53,0,0,1
2025-07-31 14:15:53,695,23,24,24,53,53,69,53,24,1750,1913,603,15,50,10,53,0,0,1
2025-07-31 14:15:59,744,23,24,24,53,53,69,53,24,1750,1920,617,15,49,10,53,0,0,1
2025-07-31 14:16:05,819,23,24,24,53,53,69,53,23,1748,1920,617,15,50,10,53,0,0,1
2025-07-31 14:16:11,862,23,24,24,52,53,69,52,23,1750,1913,603,15,50,10,53,0,0,0
2025-07-31 14:16:17,902,23,24,24,52,53,69,52,23,1750,2100,922,15,50,10,53,0,0,0
2025-07-31 14:16:23,946,23,24,24,52,53,68,52,23,1748,2066,854,15,50,10,53,0,0,0
2025-07-31 14:16:30,007,23,24,24,52,53,68,52,23,1750,2017,776,15,50,10,53,0,0,0
2025-07-31 14:16:36,070,23,24,24,53,53,68,53,23,1748,2031,803,15,50,10,53,0,0,1
2025-07-31 14:16:42,146,23,24,24,53,53,69,53,23,1752,1937,643,15,49,10,53,0,0,1
2025-07-31 14:16:48,215,23,24,24,53,53,69,53,23,1750,2001,748,15,49,10,53,0,0,1
2025-07-31 14:16:54,349,23,24,24,53,53,69,53,23,1750,2015,773,15,50,10,53,0,0,1
2025-07-31 14:17:00,383,23,24,24,53,53,69,53,23,1750,2031,803,15,50,10,53,0,0,1
2025-07-31 14:17:06,500,23,24,24,53,53,69,53,23,1752,2006,757,15,49,10,53,0,0,1
2025-07-31 14:17:12,563,23,24,24,52,53,69,52,23,1752,2038,815,15,50,10,53,0,0,0
2025-07-31 14:17:18,638,23,24,24,52,53,69,52,23,1752,2216,1175,15,49,10,53,0,0,0
2025-07-31 14:17:24,737,23,24,24,52,53,68,52,23,1752,2154,1036,15,50,10,53,0,0,0
2025-07-31 14:17:30,778,23,24,24,53,53,68,53,23,1750,2146,1022,15,49,10,53,0,0,1
2025-07-31 14:17:36,854,23,24,24,53,53,68,53,23,1750,1942,651,15,50,10,53,0,0,1
2025-07-31 14:17:42,960,23,24,24,53,53,69,53,23,1750,2015,773,15,50,10,53,0,0,1
2025-07-31 14:17:49,002,23,24,24,53,53,69,53,23,1748,2068,857,15,49,10,53,0,0,1
2025-07-31 14:17:55,057,23,24,24,53,53,69,53,23,1750,2060,843,15,50,10,53,0,0,1
2025-07-31 14:18:01,241,23,24,24,52,53,69,52,23,1748,2020,784,15,50,10,53,0,0,0
2025-07-31 14:18:07,293,23,24,24,52,53,69,52,23,1748,2240,1224,15,50,10,53,0,0,0
2025-07-31 14:18:13,339,23,24,24,52,53,69,52,23,1748,2146,1022,15,50,10,53,0,0,0
2025-07-31 14:18:19,377,23,24,24,52,53,68,52,23,1748,2174,1084,15,49,10,53,0,0,0
2025-07-31 14:18:25,426,23,24,24,53,53,69,53,23,1750,2166,1067,15,50,10,53,0,0,1
2025-07-31 14:18:31,483,23,24,24,53,53,69,53,23,1750,1961,680,15,49,10,53,0,0,1
2025-07-31 14:18:37,527,23,24,24,53,53,69,53,23,1752,2038,815,15,50,10,53,0,0,1
2025-07-31 14:18:43,613,23,24,24,53,53,69,53,23,1750,2025,794,15,50,10,53,0,0,1
2025-07-31 14:18:49,682,23,24,24,53,53,69,53,23,1750,1846,509,15,49,10,53,0,0,1
2025-07-31 14:18:55,779,23,24,24,52,53,69,52,23,1750,1533,194,15,50,10,53,0,0,0
2025-07-31 14:19:01,940,23,24,24,52,53,69,52,23,1750,1669,308,15,49,10,53,0,0,0
2025-07-31 14:19:08,024,23,24,24,52,53,68,52,23,1750,1612,257,15,50,10,53,0,0,0
2025-07-31 14:19:14,116,23,24,24,52,53,68,52,23,1750,1594,241,15,49,10,53,0,0,0
2025-07-31 14:19:20,172,23,24,24,53,53,68,53,23,1750,1592,238,15,50,10,53,0,0,1
2025-07-31 14:19:26,245,23,24,24,53,53,68,53,23,1750,1313,139,15,49,10,53,0,0,1
2025-07-31 14:19:32,290,23,24,24,53,53,69,53,23,1748,1513,180,15,50,10,53,0,0,1
2025-07-31 14:19:38,349,23,24,24,53,53,69,53,23,1750,1520,185,15,50,10,53,0,0,1
2025-07-31 14:19:44,418,23,24,24,53,53,69,53,23,1748,1524,187,15,50,10,53,0,0,1
2025-07-31 14:19:50,668,23,24,24,52,53,69,52,23,1748,1528,191,15,50,10,53,0,0,0
2025-07-31 14:19:56,733,23,24,24,52,53,69,52,23,1748,1652,292,15,49,10,53,0,0,0
2025-07-31 14:20:02,798,23,24,24,52,53,69,52,23,1750,1615,260,15,50,10,53,0,0,0
2025-07-31 14:20:08,873,23,24,24,52,53,68,52,23,1750,1594,241,15,50,10,53,0,0,0
2025-07-31 14:20:15,010,23,24,24,52,53,69,52,23,1750,1592,238,15,50,10,53,0,0,0
2025-07-31 14:20:21,123,23,24,24,53,53,69,53,23,1748,1592,238,15,50,10,53,0,0,1
2025-07-31 14:20:27,208,23,24,24,53,53,69,53,23,1748,1313,139,15,50,10,53,0,0,1
2025-07-31 14:20:33,278,23,24,24,53,53,69,53,23,1752,1504,174,15,50,10,53,0,0,1
2025-07-31 14:20:39,327,23,24,24,53,53,69,53,23,1752,1528,191,15,49,10,53,0,0,1
2025-07-31 14:20:45,395,23,24,24,53,53,69,53,23,1750,1528,191,15,50,10,53,0,0,1
2025-07-31 14:20:51,481,23,24,24,53,53,69,53,23,1750,1528,191,15,50,10,53,0,0,1
2025-07-31 14:20:57,530,23,24,24,53,53,69,53,23,1748,1528,191,15,50,10,53,0,0,1
2025-07-31 14:21:03,574,23,24,24,53,53,69,53,23,1748,1499,171,15,49,10,53,0,0,1
2025-07-31 14:21:09,670,23,24,24,52,53,69,52,23,1748,1499,171,15,50,10,53,0,0,0
2025-07-31 14:21:15,746,23,24,24,52,53,69,52,23,1750,1594,241,15,49,10,53,0,0,0
2025-07-31 14:21:21,865,23,24,24,52,53,69,52,23,1750,1575,226,15,50,10,53,0,0,0
2025-07-31 14:21:27,940,23,24,24,53,53,69,53,23,1750,1566,219,15,50,10,53,0,0,1
2025-07-31 14:21:33,997,23,24,24,53,53,69,53,23,1750,1228,126,15,50,10,53,0,0,1
2025-07-31 14:21:40,078,23,24,24,53,53,69,53,23,1750,1462,161,15,49,10,53,0,0,1
2025-07-31 14:21:46,150,23,24,24,53,53,69,53,23,1748,1462,161,15,49,10,53,0,0,1
2025-07-31 14:21:52,259,23,24,24,53,53,69,53,23,1748,1420,155,15,50,10,53,0,0,1
2025-07-31 14:21:58,290,23,24,24,53,53,69,53,23,1746,1404,152,15,50,10,53,0,0,1
2025-07-31 14:22:04,334,23,24,24,53,53,69,53,23,1746,1266,131,15,49,10,53,0,0,1
2025-07-31 14:22:10,377,23,24,24,53,53,69,53,23,1746,1295,136,15,50,10,53,0,0,1
2025-07-31 14:22:16,479,23,24,24,53,53,69,53,23,1746,1012,93,15,50,10,53,0,0,1
2025-07-31 14:22:22,552,23,24,24,53,53,69,53,23,1744,1044,98,15,50,10,53,0,0,1
2025-07-31 14:22:28,760,23,24,24,52,53,69,52,23,1746,972,87,15,49,10,53,0,0,0
2025-07-31 14:22:35,054,23,24,24,53,53,69,53,23,1746,1255,130,15,49,10,53,0,0,1
2025-07-31 14:22:41,202,23,24,24,52,53,69,52,23,1744,795,60,15,50,10,53,0,0,0
2025-07-31 14:22:47,229,23,24,24,53,53,69,53,23,1744,1495,166,15,49,10,53,0,0,1
2025-07-31 14:22:53,237,23,24,24,53,53,69,53,23,1744,2001,748,15,50,43,90,0,0,0
2025-07-31 14:22:59,368,23,24,24,53,53,69,53,23,1744,2263,1276,15,50,52,84,0,0,0
2025-07-31 14:23:05,398,23,24,24,53,53,69,53,23,1744,2148,1023,15,50,62,85,0,1,0
2025-07-31 14:23:11,447,23,24,24,53,53,69,53,23,1746,2176,1084,15,50,64,86,0,1,0
2025-07-31 14:23:17,594,23,24,24,54,54,69,54,23,1744,2283,1320,35,50,65,86,0,1,0
2025-07-31 14:23:23,690,23,24,24,56,54,69,55,23,1746,2579,1946,35,50,64,86,1,1,0
2025-07-31 14:23:29,839,23,24,24,60,58,75,59,23,1746,1910,599,35,49,64,86,0,1,0
2025-07-31 14:23:35,879,23,24,24,63,61,79,62,23,1744,2742,2309,39,49,64,86,0,1,0
2025-07-31 14:23:42,074,23,24,24,67,68,85,67,24,1744,2878,2601,39,49,64,86,0,0,0
2025-07-31 14:23:48,216,23,24,24,69,70,87,69,24,1742,2303,1367,39,49,64,86,0,0,0
2025-07-31 14:23:54,249,23,24,24,73,71,92,72,23,1740,3189,3253,38,50,64,86,1,0,0
2025-07-31 14:24:00,461,23,24,24,75,73,94,74,23,1740,3213,3299,38,50,64,86,0,0,0
2025-07-31 14:24:06,522,23,24,24,78,74,97,76,24,1740,3087,3027,38,50,64,86,0,0,0
2025-07-31 14:24:12,571,24,24,24,80,75,98,77,24,1740,3126,3116,38,50,64,86,0,0,0
2025-07-31 14:24:18,682,24,24,24,82,77,99,79,24,1742,3108,3083,38,50,64,86,0,0,0
2025-07-31 14:24:24,905,24,24,24,83,78,99,80,24,1740,3147,3168,38,50,64,86,1,0,0
2025-07-31 14:24:31,111,24,24,24,83,80,100,81,24,1744,2669,2143,38,50,64,86,0,0,0
2025-07-31 14:24:37,178,24,25,24,83,81,100,82,25,1742,3325,3548,39,50,64,86,0,0,0
2025-07-31 14:24:43,355,25,25,25,83,81,100,82,25,1744,3300,3488,38,50,64,86,1,0,0
2025-07-31 14:24:49,503,25,26,25,82,85,100,83,25,1742,2361,1486,39,49,64,86,0,0,0
2025-07-31 14:24:55,545,25,26,25,82,85,100,83,26,1744,3256,3394,39,50,64,86,0,0,0
2025-07-31 14:25:01,665,25,27,25,83,87,100,85,26,1744,3447,3798,38,50,64,86,0,0,0
2025-07-31 14:25:07,858,26,27,25,83,88,100,85,26,1746,2448,1668,39,50,64,86,0,0,0
2025-07-31 14:25:13,928,26,28,26,83,88,100,85,27,1748,3447,3798,38,50,64,86,1,0,0
2025-07-31 14:25:19,963,26,28,26,83,88,100,85,27,1752,3715,4375,38,50,64,86,0,0,0
2025-07-31 14:25:26,059,27,29,26,82,89,100,85,28,1754,3493,3898,39,50,64,86,0,0,0
2025-07-31 14:25:32,132,27,29,27,82,89,100,85,28,1758,3715,4375,39,49,64,86,0,0,0
2025-07-31 14:25:38,159,27,30,27,81,88,100,84,29,1760,3630,4197,39,49,64,86,0,0,0
2025-07-31 14:25:44,256,28,31,27,80,87,99,83,29,1762,3715,4375,39,50,64,86,1,0,0
2025-07-31 14:25:50,286,28,32,28,78,87,97,82,30,1766,2638,2082,38,50,64,86,0,0,0
2025-07-31 14:25:56,416,28,32,28,77,86,97,81,30,1770,2728,2280,39,49,64,86,0,0,0
2025-07-31 14:26:02,480,29,33,29,76,82,95,79,31,1772,2968,2786,38,50,64,86,0,0,0
2025-07-31 14:26:08,524,29,34,29,75,81,94,78,32,1776,2098,920,39,49,64,86,0,0,0
2025-07-31 14:26:14,592,30,35,30,73,77,91,75,32,1782,2859,2564,39,49,64,86,0,0,0
2025-07-31 14:26:20,688,31,36,31,70,73,89,71,33,1786,3008,2872,39,50,64,86,0,0,0
2025-07-31 14:26:26,788,31,-31,31,69,-69,87,34,15,1792,2146,1022,39,50,64,86,0,1,0
2025-07-31 14:26:32,861,32,38,32,66,68,85,67,35,1798,2579,1946,38,50,64,86,1,0,0
2025-07-31 14:26:38,968,32,39,32,65,67,85,66,36,1802,4070,5156,39,49,64,86,0,0,0
2025-07-31 14:26:45,038,33,-33,33,63,-63,84,31,16,1806,3147,3168,38,50,64,86,0,1,0
2025-07-31 14:26:51,184,33,41,33,62,63,83,62,37,1812,2826,2484,39,49,64,86,0,1,0
2025-07-31 14:26:57,259,34,42,34,60,60,81,60,38,1808,2914,2667,38,50,64,86,0,1,0
2025-07-31 14:27:03,286,35,42,34,58,60,82,59,38,1812,3008,2872,39,49,64,86,1,1,0
2025-07-31 14:27:09,321,35,43,35,58,60,86,59,39,1816,2374,1515,39,50,64,86,0,1,0
2025-07-31 14:27:15,396,36,43,35,59,61,87,60,40,1822,3300,3488,39,50,64,86,0,1,0
2025-07-31 14:27:21,458,37,44,36,61,61,88,61,40,1824,3300,3488,38,50,64,86,0,1,0
2025-07-31 14:27:27,554,37,45,37,62,61,89,61,41,1826,3300,3488,39,49,64,86,0,1,0
2025-07-31 14:27:33,638,38,46,37,63,61,89,62,42,1830,3520,3960,39,49,64,86,0,1,0
2025-07-31 14:27:39,708,38,47,38,63,60,89,61,42,1832,3370,3644,38,50,64,86,0,1,0
2025-07-31 14:27:45,944,39,47,38,63,60,88,61,43,1836,3344,3584,38,50,64,86,0,1,0
2025-07-31 14:27:52,027,39,48,39,63,59,88,61,43,1836,3300,3488,38,50,64,86,0,1,0
2025-07-31 14:27:58,095,40,48,39,62,58,88,60,44,1838,3344,3584,39,49,64,86,0,1,0
2025-07-31 14:28:04,297,40,48,40,62,58,87,60,44,1836,3232,3354,38,50,64,86,0,1,0
2025-07-31 14:28:10,341,40,49,40,62,58,87,60,45,1838,3025,2903,38,50,64,86,0,1,0
2025-07-31 14:28:16,397,41,49,40,61,60,87,60,45,1838,3344,3584,38,50,64,86,0,1,0
2025-07-31 14:28:22,443,41,49,41,60,59,87,59,45,1840,3232,3354,38,50,64,86,0,1,0
2025-07-31 14:28:28,549,41,50,41,60,59,87,59,45,1838,3168,3206,39,50,64,86,0,1,0
2025-07-31 14:28:34,635,41,50,41,60,59,86,59,46,1838,2952,2745,38,50,64,86,0,1,0
2025-07-31 14:28:40,692,42,50,41,60,58,87,59,46,1838,2669,2143,39,49,64,86,0,1,0
2025-07-31 14:28:46,744,42,50,42,59,59,87,59,46,1836,3213,3299,38,50,64,86,0,1,0
2025-07-31 14:28:52,880,42,50,42,60,59,87,59,46,1840,3168,3206,38,50,64,86,0,1,0
2025-07-31 14:28:59,250,42,50,42,60,59,86,59,46,1838,3008,2872,38,50,64,86,0,1,0
2025-07-31 14:29:05,318,42,50,42,60,59,86,59,46,1840,2776,2382,39,49,64,86,0,1,0
2025-07-31 14:29:11,438,42,50,42,61,60,86,60,46,1840,4329,5681,39,49,64,86,0,1,0
2025-07-31 14:29:17,466,42,50,42,62,59,86,60,46,1838,4413,5876,38,50,64,86,0,1,0
2025-07-31 14:29:23,577,42,50,42,63,59,86,61,46,1840,2988,2817,38,50,64,86,0,1,0
2025-07-31 14:29:29,651,42,50,43,63,61,86,62,46,1840,2826,2484,38,49,64,86,0,1,0
2025-07-31 14:29:35,712,42,50,43,63,61,86,62,46,1840,4292,5608,38,50,64,86,0,1,0
2025-07-31 14:29:41,771,42,49,43,65,63,87,64,46,1840,4256,5538,38,50,64,86,0,1,0
2025-07-31 14:29:47,896,42,49,43,66,63,88,64,46,1840,3715,4375,38,50,64,86,0,0,0
2025-07-31 14:29:54,201,42,49,43,66,64,88,65,46,1840,3126,3116,38,50,64,86,0,0,0
2025-07-31 14:30:00,276,42,49,43,63,63,84,63,46,1840,3422,3763,38,50,64,86,0,1,0
2025-07-31 14:30:06,464,42,49,43,64,62,83,63,45,1838,3837,4654,38,50,64,86,0,1,0
2025-07-31 14:30:12,605,42,49,43,62,63,82,62,45,1842,4070,5156,38,50,64,86,0,1,0
2025-07-31 14:30:19,216,42,49,43,64,63,84,63,45,1842,2471,1713,38,50,64,86,0,1,0
2025-07-31 14:30:25,367,42,49,43,65,64,84,64,45,1840,3661,4264,38,50,64,86,0,0,0
2025-07-31 14:30:31,557,42,48,43,65,64,85,64,45,1842,4629,6335,38,49,64,86,0,0,0
2025-07-31 14:30:37,671,42,48,43,67,64,85,65,45,1842,4503,6059,38,50,64,86,0,0,0
2025-07-31 14:30:43,915,42,48,43,64,64,82,64,45,1840,4413,5876,39,49,64,86,0,1,0
2025-07-31 14:30:50,096,42,48,43,65,64,81,64,45,1840,2128,981,38,50,64,86,0,0,0
2025-07-31 14:30:56,157,41,48,43,65,63,80,64,45,1842,4371,5785,38,50,64,86,0,1,0
2025-07-31 14:31:02,223,41,48,43,64,64,79,64,45,1842,3256,3394,38,50,64,86,0,1,0
2025-07-31 14:31:08,413,41,48,43,62,63,79,62,44,1840,3715,4375,38,50,64,86,0,1,0
2025-07-31 14:31:14,533,41,48,43,62,64,80,63,44,1842,3778,4505,38,50,64,86,0,1,0
2025-07-31 14:31:20,718,41,47,43,65,65,82,65,44,1840,3746,4436,38,50,64,86,0,0,0
2025-07-31 14:31:26,818,41,47,43,67,67,83,67,44,1840,4769,6630,38,50,64,86,0,0,0
2025-07-31 14:31:32,940,41,47,43,66,68,83,67,44,1842,4256,5538,38,50,64,86,0,0,0
2025-07-31 14:31:39,061,41,47,43,65,68,81,66,44,1840,3998,5006,38,50,64,86,0,0,0
2025-07-31 14:31:45,085,41,47,43,65,67,79,66,44,1840,4070,5156,38,50,64,86,0,0,0
2025-07-31 14:31:51,236,41,47,42,65,65,78,65,44,1842,4116,5224,38,50,64,86,0,0,0
2025-07-31 14:31:57,383,40,47,42,65,65,77,65,43,1840,4116,5224,39,49,64,86,0,0,0
2025-07-31 14:32:03,499,40,47,42,64,64,76,64,43,1842,3048,2952,38,50,64,86,0,1,0
2025-07-31 14:32:09,660,40,46,42,64,63,75,63,43,1840,3395,3707,38,50,64,86,0,1,0
2025-07-31 14:32:15,710,40,46,42,63,64,76,63,43,1842,3550,4019,38,50,64,86,0,1,0
2025-07-31 14:32:21,781,40,46,42,65,65,78,65,43,1840,3715,4375,39,50,64,86,0,0,0
2025-07-31 14:32:27,965,40,46,42,66,66,80,66,43,1842,4184,5366,39,49,64,86,0,0,0
2025-07-31 14:32:34,028,40,45,42,65,68,82,66,43,1842,2968,2786,38,50,64,86,0,0,0
2025-07-31 14:32:40,086,40,45,42,64,67,81,65,42,1840,3998,5006,39,49,64,86,0,0,0
2025-07-31 14:32:46,167,40,45,42,64,65,79,64,42,1842,3963,4919,38,50,64,86,0,0,0
2025-07-31 14:32:52,231,40,45,42,65,65,78,65,42,1842,3963,4919,39,50,64,86,0,0,0
2025-07-31 14:32:58,350,39,45,42,65,65,77,65,42,1840,3213,3299,39,49,64,86,0,0,0
2025-07-31 14:33:04,357,39,45,42,63,64,75,63,42,1838,3837,4654,38,50,64,86,0,1,0
2025-07-31 14:33:10,497,39,45,42,63,63,75,63,42,1842,2349,1462,39,50,64,86,0,1,0
2025-07-31 14:33:16,607,39,45,42,63,63,74,63,42,1838,3715,4375,38,50,64,86,0,1,0
2025-07-31 14:33:22,678,39,45,42,63,64,75,63,42,1840,3370,3644,38,50,64,86,0,1,0
2025-07-31 14:33:28,789,39,45,41,66,66,79,66,42,1842,3256,3394,39,49,64,86,0,0,0
2025-07-31 14:33:34,895,39,44,41,68,68,81,68,42,1840,3963,4919,38,50,64,86,0,0,0
2025-07-31 14:33:40,938,39,44,41,68,69,82,68,42,1840,3963,4919,38,50,64,86,0,0,0
2025-07-31 14:33:47,054,39,44,41,66,68,81,67,41,1840,2878,2601,38,50,64,86,0,0,0
2025-07-31 14:33:53,358,39,44,41,66,68,79,67,41,1842,2742,2309,38,50,64,86,0,0,0
2025-07-31 14:33:59,419,38,44,41,67,68,79,67,41,1840,2700,2203,39,50,64,86,0,0,0
2025-07-31 14:34:05,494,38,44,41,67,68,78,67,41,1842,2669,2143,39,50,64,86,0,0,0
2025-07-31 14:34:11,816,38,44,41,66,67,77,66,41,1842,2638,2082,38,50,64,86,0,0,0
2025-07-31 14:34:17,852,38,43,41,66,66,75,66,41,1838,2606,2008,38,50,64,86,0,0,0
2025-07-31 14:34:23,937,38,43,41,66,66,75,66,41,1840,2638,2082,39,49,64,86,0,0,0
2025-07-31 14:34:30,202,38,43,41,66,65,74,65,41,1840,2537,1856,39,49,64,86,0,0,0
2025-07-31 14:34:36,258,38,43,41,65,64,73,64,41,1838,2579,1946,38,50,64,86,0,0,0
2025-07-31 14:34:42,339,38,43,40,65,63,73,64,41,1840,2579,1946,39,49,64,86,0,1,0
2025-07-31 14:34:48,440,38,43,40,64,62,72,63,41,1840,2110,943,38,50,64,86,0,1,0
2025-07-31 14:34:54,528,38,43,40,63,63,73,63,41,1838,2238,1220,38,50,64,86,0,1,0
2025-07-31 14:35:00,610,38,43,40,64,64,74,64,41,1838,2423,1618,38,50,64,86,0,1,0
2025-07-31 14:35:06,668,38,43,40,66,66,78,66,40,1840,2460,1693,39,50,64,86,0,0,0
2025-07-31 14:35:12,722,38,43,40,69,69,81,69,40,1838,2761,2354,38,50,64,86,0,0,0
2025-07-31 14:35:18,752,38,43,40,70,69,82,69,40,1836,2700,2203,38,50,64,86,0,0,0
2025-07-31 14:35:24,816,37,43,40,69,70,83,69,40,1838,2700,2203,39,49,64,86,0,0,0
2025-07-31 14:35:30,881,37,43,40,68,70,82,69,40,1836,2682,2170,38,50,64,86,0,0,0
2025-07-31 14:35:36,946,37,43,40,68,70,81,69,40,1838,2606,2008,39,49,64,86,0,0,0
2025-07-31 14:35:43,022,37,42,40,68,71,80,69,40,1838,2606,2008,38,50,64,86,0,0,0
2025-07-31 14:35:49,121,37,42,39,68,71,79,69,40,1838,2511,1799,38,50,64,86,0,0,0
2025-07-31 14:35:56,001,37,42,39,68,69,77,68,39,1840,2471,1713,38,50,64,86,0,0,0
2025-07-31 14:36:02,042,37,42,39,67,67,76,67,39,1838,2471,1713,38,50,64,86,0,0,0
2025-07-31 14:36:08,146,37,42,39,67,67,76,67,39,1840,2471,1713,39,49,64,86,0,0,0
2025-07-31 14:36:14,203,37,42,39,67,67,75,67,39,1840,2289,1334,38,50,64,86,0,0,0
2025-07-31 14:36:20,277,37,42,39,67,66,74,66,39,1838,2257,1262,39,49,64,86,0,0,0
2025-07-31 14:36:26,345,36,42,39,66,66,74,66,39,1840,2374,1515,38,50,64,86,0,0,0
2025-07-31 14:36:32,415,36,42,39,66,66,74,66,39,1836,3395,3707,39,49,64,86,0,0,0
2025-07-31 14:36:38,509,36,42,39,66,65,73,65,39,1836,2384,1533,38,50,64,86,0,0,0
2025-07-31 14:36:44,647,36,42,39,65,65,73,65,39,1840,2349,1462,38,50,64,86,0,0,0
2025-07-31 14:36:50,779,36,42,39,65,65,73,65,39,1838,2116,957,38,50,64,86,0,0,0
2025-07-31 14:36:56,860,36,42,39,64,65,73,64,39,1836,2176,1084,39,49,64,86,0,0,0
2025-07-31 14:37:02,940,36,42,38,64,64,73,64,39,1838,2537,1856,38,50,64,86,0,1,0
2025-07-31 14:37:08,996,36,41,38,64,64,73,64,39,1838,1998,742,39,50,64,86,0,1,0
2025-07-31 14:37:15,111,36,41,38,64,66,74,65,39,1838,2638,2082,38,50,64,86,0,0,0
2025-07-31 14:37:22,121,36,41,38,66,68,78,67,39,1840,2338,1437,38,50,64,86,0,0,0
2025-07-31 14:37:28,206,36,41,38,68,68,82,68,38,1838,3550,4019,38,50,64,86,0,0,0
2025-07-31 14:37:34,337,36,41,38,67,69,82,68,38,1838,3715,4375,38,50,64,86,0,0,0
2025-07-31 14:37:40,405,36,41,38,67,69,81,68,38,1836,3550,4019,38,50,64,86,0,0,0
2025-07-31 14:37:46,471,36,41,38,66,69,81,67,38,1838,2164,1058,38,49,64,86,0,0,0
2025-07-31 14:37:52,557,36,41,38,67,69,80,68,38,1838,2098,920,38,50,64,86,0,0,0
2025-07-31 14:37:58,799,35,41,38,67,70,79,68,38,1836,2436,1643,39,49,64,86,0,0,0
2025-07-31 14:38:04,896,35,41,38,67,70,79,68,38,1836,3520,3960,39,49,64,86,1,0,0
2025-07-31 14:38:10,994,35,41,38,67,69,79,68,38,1840,3715,4375,38,50,64,86,0,0,0
2025-07-31 14:38:17,049,35,41,38,67,68,79,67,38,1838,3493,3898,38,50,64,86,0,0,0
2025-07-31 14:38:23,142,35,41,38,67,67,79,67,38,1838,3630,4197,39,49,64,86,0,0,0
2025-07-31 14:38:29,256,36,41,38,67,68,79,67,38,1838,3370,3644,38,50,64,86,0,0,0
2025-07-31 14:38:36,225,36,41,38,66,67,79,66,38,1840,2914,2667,38,50,64,86,0,0,0
2025-07-31 14:38:42,402,36,41,38,66,67,78,66,38,1838,3493,3898,38,50,64,86,0,0,0
2025-07-31 14:38:48,489,36,41,38,66,66,78,66,38,1836,3715,4375,39,49,64,86,1,0,0
2025-07-31 14:38:54,538,36,41,38,66,66,78,66,38,1840,3746,4436,38,50,64,86,0,0,0
2025-07-31 14:39:00,607,36,42,38,65,66,78,65,39,1836,3577,4085,39,49,64,86,0,0,0
2025-07-31 14:39:06,673,36,42,38,65,65,78,65,39,1836,3550,4019,39,49,64,86,0,0,0
2025-07-31 14:39:12,743,36,42,38,64,65,77,64,39,1838,3602,4137,38,50,64,86,0,0,0
2025-07-31 14:39:18,810,37,43,38,64,63,77,63,40,1838,2669,2143,39,49,64,86,0,1,0
2025-07-31 14:39:24,874,37,43,38,63,62,77,62,40,1836,3048,2952,39,49,64,86,0,1,0
2025-07-31 14:39:30,941,37,43,39,62,64,79,63,40,1838,3279,3453,38,50,64,86,0,1,0
2025-07-31 14:39:37,033,37,43,39,62,66,82,64,40,1836,3447,3798,38,50,64,86,0,1,0
2025-07-31 14:39:43,088,37,43,39,65,66,85,65,40,1840,4292,5608,38,50,64,86,0,0,0
2025-07-31 14:39:49,161,37,43,39,67,65,87,66,40,1836,3370,3644,39,50,64,86,0,0,0
2025-07-31 14:39:55,182,38,43,39,67,65,86,66,40,1836,3804,4566,39,49,64,86,0,0,0
2025-07-31 14:40:01,235,38,43,39,66,66,84,66,41,1838,3746,4436,39,50,64,86,0,0,0
2025-07-31 14:40:07,347,38,44,39,66,66,83,66,41,1836,3746,4436,38,50,64,86,0,0,0
2025-07-31 14:40:14,318,38,44,39,66,65,81,65,41,1838,2845,2535,38,50,64,86,0,0,0
2025-07-31 14:40:20,399,38,44,39,65,64,79,64,41,1838,2638,2082,39,49,64,86,0,0,0
2025-07-31 14:40:26,474,38,44,39,65,62,78,63,41,1836,2776,2382,38,50,64,86,0,1,0
2025-07-31 14:40:32,607,38,44,40,64,62,77,63,41,1838,3108,3083,38,50,64,86,0,1,0
2025-07-31 14:40:38,666,38,44,40,64,62,78,63,41,1838,3232,3354,39,49,64,86,0,1,0
2025-07-31 14:40:44,716,38,44,40,64,65,82,64,41,1836,2448,1668,38,50,64,86,0,0,0
2025-07-31 14:40:50,787,38,44,40,66,67,84,66,41,1840,2968,2786,38,49,64,86,0,0,0
2025-07-31 14:40:56,902,38,44,40,68,66,86,67,41,1838,2826,2484,38,50,64,86,0,0,0
2025-07-31 14:41:02,930,38,44,40,66,66,84,66,41,1838,3837,4654,38,50,64,86,0,0,0
2025-07-31 14:41:08,989,38,44,40,66,66,83,66,41,1838,3232,3354,38,50,64,86,0,0,0
2025-07-31 14:41:15,070,38,44,40,65,65,81,65,41,1838,2669,2143,39,50,64,86,0,0,0
2025-07-31 14:41:21,184,38,44,40,65,65,81,65,41,1838,2669,2143,38,50,64,86,0,0,0
2025-07-31 14:41:27,252,38,44,40,64,64,79,64,41,1838,3715,4375,38,50,64,86,0,1,0
2025-07-31 14:41:33,322,38,44,40,63,62,78,62,41,1840,2742,2309,38,50,64,86,0,1,0
2025-07-31 14:41:39,386,38,44,40,63,62,77,62,41,1838,2338,1437,38,49,64,86,0,1,0
2025-07-31 14:41:45,483,38,44,40,64,64,80,64,41,1840,2436,1643,38,50,64,86,0,1,0
2025-07-31 14:41:52,479,38,44,40,68,67,84,67,41,1838,3168,3206,39,49,64,86,0,0,0
2025-07-31 14:41:58,506,38,44,40,67,68,84,67,41,1838,3147,3168,38,49,64,86,0,0,0
2025-07-31 14:42:04,741,38,44,40,66,67,84,66,41,1840,2700,2203,38,50,64,86,0,0,0
2025-07-31 14:42:10,847,38,44,40,66,66,83,66,41,1838,2669,2143,38,50,64,86,0,0,0
2025-07-31 14:42:16,910,38,44,40,66,66,82,66,41,1836,2669,2143,38,50,64,86,0,0,0
2025-07-31 14:42:22,993,38,44,40,66,66,81,66,41,1840,2606,2008,38,50,64,86,0,0,0
2025-07-31 14:42:29,061,38,44,40,64,65,80,64,41,1838,2579,1946,38,50,64,86,0,0,0
2025-07-31 14:42:35,086,38,44,40,64,64,78,64,41,1838,2537,1856,38,50,64,86,0,1,0
2025-07-31 14:42:41,200,38,44,40,64,64,78,64,41,1840,1980,711,39,49,64,86,0,1,0
2025-07-31 14:42:47,322,38,44,40,63,64,77,63,41,1836,2313,1386,39,49,64,86,0,1,0
2025-07-31 14:42:53,360,38,44,40,65,65,79,65,41,1840,2384,1533,38,50,64,86,0,0,0
2025-07-31 14:42:59,464,38,44,40,66,66,82,66,41,1840,2845,2535,38,50,64,86,0,0,0
2025-07-31 14:43:05,550,38,44,40,69,68,85,68,41,1838,2700,2203,39,49,64,86,0,0,0
2025-07-31 14:43:11,556,38,44,40,68,68,85,68,41,1838,2471,1713,38,50,64,86,0,0,0
2025-07-31 14:43:17,558,38,44,40,66,66,84,66,41,1840,2794,2421,38,50,64,86,0,0,0
2025-07-31 14:43:23,621,38,43,40,66,66,82,66,41,1840,2638,2082,38,50,64,86,0,0,0
2025-07-31 14:43:30,755,38,43,40,66,66,81,66,41,1838,2511,1799,38,50,66,86,0,1,0
2025-07-31 14:43:36,827,38,43,40,66,66,80,66,41,1838,1849,514,38,50,76,87,0,1,0
2025-07-31 14:43:42,911,38,43,40,66,66,80,66,41,1840,1957,674,39,49,76,87,0,1,0
2025-07-31 14:43:49,055,38,43,39,67,68,81,67,41,1840,3168,3206,39,49,76,87,0,1,0
2025-07-31 14:43:55,102,38,43,39,69,70,83,69,41,1838,2374,1515,38,49,76,87,0,1,0
2025-07-31 14:44:01,217,38,43,39,71,72,87,71,40,1840,2326,1410,38,50,76,87,0,1,0
2025-07-31 14:44:07,359,38,43,39,72,73,89,72,40,1838,2128,981,38,50,76,87,0,1,0
2025-07-31 14:44:13,542,37,43,39,74,74,90,74,40,1838,2270,1290,38,50,76,87,0,1,0
2025-07-31 14:44:19,612,37,43,39,76,78,91,77,40,1838,2338,1437,38,49,76,87,0,0,0
2025-07-31 14:44:25,682,37,43,39,78,79,93,78,40,1840,3008,2872,38,50,76,87,0,0,0
2025-07-31 14:44:32,825,37,42,39,79,83,93,81,40,1838,2551,1887,38,50,76,87,0,0,0
2025-07-31 14:44:38,882,37,42,39,80,83,93,81,40,1840,2485,1743,38,50,76,87,0,0,0
2025-07-31 14:44:44,977,37,42,39,80,83,93,81,40,1840,3715,4375,38,50,76,87,0,0,0
2025-07-31 14:44:51,033,37,42,39,79,83,91,81,39,1838,3715,4375,38,50,76,87,0,0,0
2025-07-31 14:44:57,099,37,42,39,79,83,90,81,39,1838,3715,4375,39,49,76,87,0,0,0
2025-07-31 14:45:03,320,37,42,39,79,83,89,81,39,1838,2238,1220,38,50,76,87,0,0,0
2025-07-31 14:45:09,418,37,42,39,79,83,88,81,39,1838,2251,1248,38,50,76,87,0,0,0
2025-07-31 14:45:15,472,37,42,39,78,82,87,80,39,1840,3550,4019,38,50,76,87,0,0,0
2025-07-31 14:45:21,537,37,42,39,77,79,86,78,39,1838,3493,3898,39,49,76,87,0,0,0
2025-07-31 14:45:27,613,37,42,39,77,79,85,78,39,1836,3493,3898,39,50,76,87,0,0,0
2025-07-31 14:45:33,692,37,42,38,77,76,83,76,39,1838,3520,3960,38,50,76,87,0,0,0
2025-07-31 14:45:39,791,36,41,38,76,76,83,76,39,1836,2579,1946,39,50,76,87,0,1,0
2025-07-31 14:45:46,806,36,41,38,75,75,82,75,39,1840,3063,2985,38,50,76,87,0,1,0
2025-07-31 14:45:52,894,36,41,38,74,77,84,75,39,1838,3126,3116,38,50,76,87,0,1,0
2025-07-31 14:45:58,963,36,41,38,75,78,86,76,39,1838,3213,3299,38,50,76,87,0,0,0
2025-07-31 14:46:05,032,36,41,38,77,80,88,78,39,1838,3904,4806,38,50,76,87,0,0,0
2025-07-31 14:46:11,107,36,41,38,78,81,90,79,39,1838,3715,4375,38,50,76,87,0,0,0
2025-07-31 14:46:17,278,36,41,38,79,82,91,80,38,1836,3715,4375,39,49,76,87,1,0,0
2025-07-31 14:46:23,306,36,41,38,78,82,91,80,38,1836,3715,4375,38,50,76,87,0,0,0
2025-07-31 14:46:29,390,36,-36,38,76,-76,91,38,18,1836,3686,4313,38,50,76,87,0,1,0
2025-07-31 14:46:35,428,36,41,38,74,85,90,79,38,1838,3025,2903,39,49,76,87,0,0,0
2025-07-31 14:46:41,515,36,41,38,74,86,90,80,38,1836,3778,4505,38,50,76,87,0,0,0
2025-07-31 14:46:47,623,36,41,38,75,86,90,80,38,1836,3715,4375,39,49,76,87,1,0,0
2025-07-31 14:46:53,717,36,41,38,73,84,89,78,38,1838,2537,1856,38,50,76,87,0,0,0
2025-07-31 14:46:59,959,36,41,38,74,83,88,78,38,1836,3870,4718,39,49,76,87,0,0,0
2025-07-31 14:47:06,980,36,41,38,74,84,87,79,38,1838,3520,3960,38,50,76,87,0,0,0
2025-07-31 14:47:13,110,36,41,38,74,81,87,77,38,1836,3493,3898,38,50,76,87,0,0,0
2025-07-31 14:47:19,342,36,41,38,74,79,87,76,38,1838,3493,3898,38,50,76,87,0,0,0
2025-07-31 14:47:25,424,36,41,38,74,78,86,76,39,1838,3520,3960,39,49,76,87,0,1,0
2025-07-31 14:47:31,491,36,41,38,73,76,85,74,39,1838,2313,1386,38,50,76,87,0,1,0
2025-07-31 14:47:37,517,36,42,38,73,75,85,74,39,1836,2226,1201,38,50,76,87,0,1,0
2025-07-31 14:47:43,533,36,42,38,72,75,85,73,39,1838,3256,3394,38,50,76,87,0,1,0
2025-07-31 14:47:49,573,37,42,38,74,79,90,76,39,1834,3300,3488,39,49,76,87,0,0,0
2025-07-31 14:47:55,653,37,42,38,74,81,92,77,39,1836,4035,5089,40,49,76,87,1,0,0
2025-07-31 14:48:01,829,37,42,38,76,83,94,79,39,1836,2004,756,40,50,76,87,0,0,0
2025-07-31 14:48:07,895,37,42,38,75,83,92,79,39,1832,4184,5366,41,50,76,87,0,0,0
2025-07-31 14:48:13,951,37,42,38,74,82,91,78,39,1834,3715,4375,41,50,76,87,1,0,0
2025-07-31 14:48:20,151,37,42,38,74,80,90,77,39,1834,3837,4654,41,50,76,87,0,0,0
2025-07-31 14:48:27,109,37,42,39,74,79,89,76,40,1832,2914,2667,42,50,76,87,0,0,0
2025-07-31 14:48:33,294,37,43,39,73,75,87,74,40,1834,2594,1976,42,50,76,87,0,1,0
2025-07-31 14:48:39,555,37,43,39,72,74,86,73,40,1830,2303,1367,42,50,76,87,1,1,0
2025-07-31 14:48:45,637,37,43,39,70,77,88,73,40,1830,1703,341,42,49,76,87,0,1,0
2025-07-31 14:48:51,702,38,43,39,70,77,91,73,40,1834,2497,1774,42,49,76,87,0,1,0
2025-07-31 14:48:57,939,38,43,39,71,81,93,76,41,1832,2700,2203,42,50,76,87,1,1,0
2025-07-31 14:49:04,017,38,44,39,71,85,95,78,41,1832,3344,3584,42,50,76,87,0,0,0
2025-07-31 14:49:10,041,38,44,40,72,85,95,78,41,1834,2932,2697,42,49,76,87,0,0,0
2025-07-31 14:49:16,084,39,44,40,73,83,93,78,41,1832,2826,2484,42,50,76,87,1,0,0
2025-07-31 14:49:29,189,39,45,40,73,77,89,75,42,1834,2436,1643,42,50,76,87,0,1,0
2025-07-31 14:49:35,260,40,45,41,71,76,90,73,42,1834,2523,1830,42,50,76,87,0,1,0
2025-07-31 14:49:41,331,40,46,41,70,78,91,74,43,1834,2652,2105,42,50,76,87,0,1,0
2025-07-31 14:49:47,395,40,47,41,70,79,92,74,43,1836,2669,2143,42,49,76,87,0,1,0
2025-07-31 14:49:53,467,41,47,41,69,78,93,73,44,1838,2700,2203,42,49,76,87,0,1,0
2025-07-31 14:49:59,579,41,47,42,70,78,93,74,44,1838,2761,2354,42,50,76,87,0,1,0
2025-07-31 14:50:05,639,41,48,42,70,77,93,73,45,1840,2742,2309,42,50,76,87,0,1,0
2025-07-31 14:50:11,741,42,48,42,70,77,93,73,45,1842,2652,2105,42,49,76,87,0,1,0
2025-07-31 14:50:17,800,42,48,43,71,79,93,75,45,1838,2700,2203,42,50,76,87,0,1,0
2025-07-31 14:50:23,848,42,48,43,69,79,93,74,45,1824,2742,2309,42,49,76,87,0,1,0
2025-07-31 14:50:29,881,42,48,43,69,77,93,73,45,1828,2728,2280,42,49,76,87,0,1,0
2025-07-31 14:50:36,002,42,49,43,70,77,93,73,46,1830,2761,2354,42,50,76,87,0,1,0
2025-07-31 14:50:42,054,43,49,43,71,77,92,74,46,1832,2700,2203,42,50,76,87,0,1,0
2025-07-31 14:50:48,135,43,49,43,71,79,92,75,46,1836,2497,1774,42,50,76,87,0,1,0
2025-07-31 14:50:54,205,43,49,43,71,75,93,73,46,1838,2682,2170,42,50,76,87,0,1,0
2025-07-31 14:51:00,266,43,49,43,71,75,93,73,46,1836,2669,2143,42,49,76,87,0,1,0
2025-07-31 14:51:07,365,43,49,44,71,75,93,73,46,1838,2669,2143,42,50,76,87,0,1,0
2025-07-31 14:51:13,432,43,49,44,71,76,93,73,46,1840,2497,1774,42,50,76,87,0,1,0
2025-07-31 14:51:19,514,43,49,44,71,78,92,74,46,1842,2638,2082,42,49,76,87,0,1,0
2025-07-31 14:51:25,608,43,49,44,72,80,93,76,46,1838,2669,2143,42,49,76,87,0,1,0
2025-07-31 14:51:31,677,43,49,44,73,80,94,76,46,1840,2579,1946,42,50,76,87,0,0,0
2025-07-31 14:51:37,753,43,49,44,72,80,94,76,46,1842,3008,2872,42,49,76,87,0,1,0
2025-07-31 14:51:43,808,43,49,44,73,79,94,76,46,1842,3715,4375,42,50,76,87,0,1,0
2025-07-31 14:51:49,954,43,49,44,73,80,93,76,46,1840,3715,4375,42,50,76,87,0,0,0
2025-07-31 14:51:56,015,43,48,44,74,80,93,77,46,1838,2901,2631,42,50,76,87,0,0,0
2025-07-31 14:52:02,085,43,48,44,74,80,92,77,45,1842,2566,1914,42,50,76,87,0,0,0
2025-07-31 14:52:08,277,43,48,44,70,80,91,75,45,1842,2988,2817,42,50,76,87,0,1,0
2025-07-31 14:52:14,345,43,48,44,70,78,89,74,45,1840,3344,3584,42,50,76,87,0,1,0
2025-07-31 14:52:20,480,43,48,44,71,79,89,75,45,1840,2303,1367,42,50,76,87,0,1,0
2025-07-31 14:52:27,617,43,48,44,72,80,90,76,45,1842,3715,4375,42,50,76,87,0,1,0
2025-07-31 14:52:33,745,42,48,44,73,80,91,76,45,1842,3577,4085,42,50,76,87,0,0,0
2025-07-31 14:52:39,811,42,48,44,72,83,92,77,45,1840,3300,3488,42,50,76,87,0,0,0
2025-07-31 14:52:45,879,42,48,44,73,84,92,78,45,1838,4677,6440,42,50,76,87,0,0,0
2025-07-31 14:52:52,017,42,48,44,73,84,92,78,45,1840,4070,5156,42,49,76,87,0,0,0
2025-07-31 14:52:58,122,42,47,44,71,85,90,78,45,1840,3963,4919,42,50,76,87,0,0,0
2025-07-31 14:53:04,221,42,47,44,71,85,89,78,45,1840,3932,4855,42,50,76,87,0,0,0
2025-07-31 14:53:10,321,42,47,44,72,82,87,77,45,1838,3932,4855,42,50,76,87,0,0,0
2025-07-31 14:53:16,431,42,47,44,73,81,86,77,45,1840,3778,4505,42,49,76,87,0,0,0
2025-07-31 14:53:22,437,42,47,44,71,77,84,74,44,1840,3837,4654,42,50,76,87,0,1,0
2025-07-31 14:53:28,610,42,47,44,71,74,83,72,44,1838,3370,3644,42,50,76,87,0,1,0
2025-07-31 14:53:35,628,42,47,43,71,76,84,73,44,1842,3474,3862,42,50,76,87,0,1,0
2025-07-31 14:53:41,733,42,47,43,71,78,87,74,44,1842,3493,3898,42,50,76,87,0,1,0
2025-07-31 14:53:47,804,42,47,43,72,80,88,76,44,1838,3493,3898,42,50,76,87,0,1,0
2025-07-31 14:53:53,866,42,47,43,73,81,89,77,44,1840,3493,3898,42,50,76,87,0,0,0
2025-07-31 14:53:59,926,41,47,43,75,82,90,78,44,1842,4184,5366,42,49,76,87,0,0,0
2025-07-31 14:54:06,005,41,47,43,74,82,90,78,44,1842,4035,5089,42,50,76,87,0,0,0
2025-07-31 14:54:12,033,41,46,43,71,83,89,77,43,1838,3746,4436,42,50,76,87,0,0,0
2025-07-31 14:54:18,171,41,46,43,70,83,87,76,43,1840,3837,4654,42,50,76,87,0,0,0
2025-07-31 14:54:24,283,41,46,43,72,82,86,77,43,1840,3963,4919,42,50,76,87,0,0,0
2025-07-31 14:54:30,390,41,46,43,72,82,85,77,43,1838,3804,4566,42,50,76,87,0,0,0
2025-07-31 14:54:36,600,41,46,43,69,81,84,75,43,1838,2826,2484,42,49,76,87,0,1,0
2025-07-31 14:54:42,657,41,46,43,70,81,83,75,43,1840,3189,3253,42,50,76,87,0,1,0
2025-07-31 14:54:48,703,41,45,43,71,81,84,76,43,1840,3344,3584,42,49,76,87,0,1,0
2025-07-31 14:54:54,826,41,45,43,73,81,86,77,43,1838,3395,3707,42,49,76,87,0,0,0
2025-07-31 14:55:01,946,41,45,43,74,81,88,77,43,1838,3963,4919,42,49,76,87,0,0,0
2025-07-31 14:55:08,054,40,45,43,73,81,89,77,43,1840,3577,4085,42,49,76,87,0,0,0
2025-07-31 14:55:14,162,40,45,43,71,82,88,76,43,1840,3715,4375,42,50,76,87,0,0,0
2025-07-31 14:55:20,291,40,45,42,70,81,87,75,42,1836,2807,2450,42,50,76,87,0,1,0
2025-07-31 14:55:26,442,40,45,42,71,81,86,76,42,1838,3126,3116,42,50,76,87,0,1,0
2025-07-31 14:55:32,631,40,45,42,72,82,86,77,42,1840,3998,5006,42,50,76,87,0,0,0
2025-07-31 14:55:38,818,40,45,42,73,84,87,78,42,1838,2807,2450,42,49,76,87,0,0,0
2025-07-31 14:55:44,846,40,45,42,73,82,87,77,42,1838,2669,2143,42,49,76,87,0,0,0
2025-07-31 14:55:50,933,40,44,42,70,83,87,76,42,1838,2652,2105,42,50,76,87,0,0,0
2025-07-31 14:55:58,069,40,44,42,70,83,85,76,42,1838,2652,2105,42,49,76,87,0,0,0
2025-07-31 14:56:04,254,40,44,42,71,85,85,78,42,1838,2652,2105,42,50,76,87,0,0,0
2025-07-31 14:56:10,325,39,44,42,70,84,85,77,42,1836,2594,1976,42,49,76,87,0,0,0
2025-07-31 14:56:16,447,39,44,42,69,82,85,75,42,1838,2579,1946,42,49,76,87,0,1,0
2025-07-31 14:56:22,503,39,44,42,69,82,83,75,42,1838,2070,865,42,50,76,87,0,1,0
2025-07-31 14:56:28,646,39,44,42,70,82,84,76,42,1836,2313,1386,42,50,76,87,0,1,0
2025-07-31 14:56:34,853,39,44,41,72,82,85,77,42,1838,2338,1437,42,50,76,87,0,0,0
2025-07-31 14:56:40,887,39,44,41,75,84,88,79,41,1838,2669,2143,42,50,76,87,1,0,0
2025-07-31 14:56:46,949,39,44,41,75,85,88,80,41,1836,1855,523,42,50,76,87,0,0,0
2025-07-31 14:56:53,291,39,43,41,74,84,89,79,41,1838,2968,2786,42,50,76,87,0,0,0
2025-07-31 14:57:00,078,39,43,41,73,84,88,78,41,1840,2621,2045,42,50,76,87,0,0,0
2025-07-31 14:57:06,266,39,43,41,72,82,87,77,41,1838,2728,2280,42,50,76,87,1,0,0
2025-07-31 14:57:12,465,39,43,41,72,83,86,77,41,1836,2669,2143,42,49,76,87,0,0,0
2025-07-31 14:57:18,618,39,43,41,72,82,85,77,41,1838,2566,1914,42,50,76,87,0,0,0
2025-07-31 14:57:24,680,39,43,41,72,81,85,76,41,1838,2537,1856,42,50,76,87,0,0,0
2025-07-31 14:57:30,704,39,43,41,72,79,84,75,41,1836,2289,1334,42,49,76,87,0,1,0
2025-07-31 14:57:36,781,39,44,41,72,79,84,75,41,1838,2257,1262,42,50,76,87,1,1,0
2025-07-31 14:57:42,900,39,44,41,71,79,87,75,41,1838,1685,323,42,50,76,87,0,1,0
2025-07-31 14:57:48,991,39,44,41,71,81,88,76,41,1838,2384,1533,42,50,76,87,0,1,0
2025-07-31 14:57:55,045,39,44,41,71,85,92,78,41,1834,2497,1774,42,50,76,87,1,0,0
2025-07-31 14:58:01,104,39,44,41,73,87,93,80,42,1836,2901,2631,42,50,76,87,0,0,0
2025-07-31 14:58:07,343,39,44,41,74,86,91,80,42,1836,2710,2246,42,50,76,87,0,0,0
2025-07-31 14:58:14,329,40,45,41,75,82,89,78,42,1834,2621,2045,42,50,76,87,0,0,0
2025-07-31 14:58:20,406,40,45,42,75,82,88,78,42,1834,2471,1713,42,50,76,87,0,0,0
2025-07-31 14:58:26,498,40,45,42,73,77,86,75,43,1836,2523,1830,42,50,76,87,0,1,0
2025-07-31 14:58:32,750,40,45,42,72,77,84,74,43,1834,2128,981,42,50,76,87,0,1,0
2025-07-31 14:58:38,922,40,46,42,70,76,84,73,43,1834,2238,1220,42,50,76,87,0,1,0
2025-07-31 14:58:44,959,41,46,42,68,76,86,72,43,1836,2289,1334,42,50,76,87,0,1,0
2025-07-31 14:58:51,136,41,47,42,69,77,88,73,44,1836,2197,1138,42,50,76,87,0,1,0
2025-07-31 14:58:57,200,41,47,42,69,78,89,73,44,1834,2471,1713,42,50,76,87,0,1,0
2025-07-31 14:59:03,221,41,47,43,71,77,90,74,44,1834,2497,1774,42,50,76,87,0,1,0
2025-07-31 14:59:09,285,41,47,43,74,77,92,75,44,1834,2374,1515,42,50,76,87,0,1,0
2025-07-31 14:59:15,427,41,47,43,74,81,93,77,44,1836,2214,1174,42,50,76,87,0,0,0
2025-07-31 14:59:22,353,41,47,43,74,84,93,79,44,1834,3963,4919,42,49,76,87,0,0,0
2025-07-31 14:59:28,444,41,47,43,72,81,91,76,44,1836,2638,2082,42,50,76,87,0,0,0
2025-07-31 14:59:34,547,41,47,43,71,78,89,74,44,1836,2523,1830,42,50,76,87,0,1,0
2025-07-31 14:59:40,582,41,47,43,72,77,87,74,44,1836,3256,3394,42,49,76,87,0,1,0
2025-07-31 14:59:46,759,42,47,43,70,77,87,73,44,1836,3344,3584,42,49,76,87,0,1,0
2025-07-31 14:59:52,895,42,47,43,71,77,88,74,44,1838,3447,3798,42,50,76,87,0,1,0
2025-07-31 14:59:58,960,42,47,43,73,78,90,75,44,1838,3493,3898,42,50,76,87,0,1,0
2025-07-31 15:00:05,028,42,47,43,74,81,91,77,44,1836,3493,3898,42,49,76,87,0,0,0
2025-07-31 15:00:11,212,42,47,43,74,82,92,78,44,1838,4503,6059,42,49,76,87,0,0,0
2025-07-31 15:00:17,299,42,47,43,73,83,92,78,44,1838,3932,4855,42,50,76,87,0,0,0
2025-07-31 15:00:23,486,42,47,43,70,82,89,76,44,1838,3870,4718,42,50,76,87,0,1,0
2025-07-31 15:00:30,496,42,47,43,70,80,88,75,44,1838,3256,3394,42,50,76,87,0,1,0
2025-07-31 15:00:36,645,42,47,43,71,82,89,76,44,1838,3370,3644,42,50,76,87,0,0,0
2025-07-31 15:00:42,712,42,47,43,72,82,90,77,44,1838,4455,5967,42,50,76,87,0,0,0
2025-07-31 15:00:48,895,42,47,43,73,83,91,78,44,1838,3870,4718,42,49,76,87,0,0,0
2025-07-31 15:00:54,950,42,47,43,71,82,90,76,44,1836,3870,4718,42,50,76,87,0,0,0
2025-07-31 15:01:00,988,41,47,43,72,81,87,76,44,1840,2826,2484,42,49,76,87,0,0,0
2025-07-31 15:01:07,098,41,47,43,72,80,87,76,44,1840,4116,5224,42,49,76,87,0,1,0
2025-07-31 15:01:13,272,41,47,43,70,80,86,75,44,1838,3256,3394,42,50,76,87,0,1,0
2025-07-31 15:01:19,349,41,47,43,71,81,87,76,44,1838,3395,3707,42,50,76,87,0,1,0
2025-07-31 15:01:25,421,41,47,43,73,82,89,77,44,1840,4256,5538,42,50,76,87,0,0,0
2025-07-31 15:01:31,493,41,47,43,74,82,90,78,44,1840,4116,5224,42,50,76,87,0,0,0
2025-07-31 15:01:37,554,41,47,43,72,81,90,76,44,1836,3837,4654,42,50,76,87,0,0,0
2025-07-31 15:01:43,660,41,46,43,70,81,88,75,43,1836,3778,4505,42,50,76,87,0,1,0
2025-07-31 15:01:50,821,41,46,43,71,80,87,75,43,1838,3232,3354,42,50,76,87,0,1,0
2025-07-31 15:01:57,007,41,46,43,72,81,88,76,43,1836,3300,3488,42,50,76,87,0,0,0
2025-07-31 15:02:03,288,41,46,43,73,82,89,77,43,1836,4329,5681,42,50,76,87,0,0,0
2025-07-31 15:02:09,363,41,46,43,75,83,90,79,43,1834,3837,4654,42,50,76,87,0,0,0
2025-07-31 15:02:15,445,41,45,43,74,82,89,78,43,1836,3746,4436,42,50,76,87,0,0,0
2025-07-31 15:02:21,521,41,45,43,72,82,88,77,43,1836,3778,4505,42,50,76,87,0,0,0
2025-07-31 15:02:27,642,41,45,43,72,82,87,77,43,1832,2988,2817,42,50,76,87,0,0,0
2025-07-31 15:02:33,699,41,45,42,72,81,86,76,43,1834,3715,4375,42,50,76,87,0,0,0
2025-07-31 15:02:39,758,40,45,42,72,79,85,75,43,1834,3715,4375,42,50,76,87,0,1,0
2025-07-31 15:02:45,841,40,45,42,71,77,84,74,43,1832,3126,3116,42,50,76,87,0,1,0
2025-07-31 15:02:52,987,40,45,42,72,78,85,75,43,1830,2374,1515,42,50,76,87,0,1,0
2025-07-31 15:02:59,046,40,45,42,73,80,86,76,43,1832,2374,1515,42,50,76,87,0,0,0
2025-07-31 15:03:05,124,40,45,42,74,81,87,77,42,1834,4035,5089,42,50,76,87,0,0,0
2025-07-31 15:03:11,198,40,45,42,76,81,89,78,42,1830,3870,4718,42,49,76,87,0,0,0
2025-07-31 15:03:17,258,40,45,42,75,82,90,78,42,1830,2652,2105,42,50,76,87,0,0,0
2025-07-31 15:03:23,338,40,44,42,74,83,89,78,42,1834,2621,2045,42,50,76,87,0,0,0
2025-07-31 15:03:29,357,40,44,42,72,84,89,78,42,1832,3715,4375,42,50,76,87,0,0,0
2025-07-31 15:03:35,358,40,44,42,72,83,88,77,42,1832,2761,2354,42,50,76,87,0,0,0
2025-07-31 15:03:41,433,40,44,42,71,82,86,76,42,1830,2700,2203,42,50,76,87,0,0,0
2025-07-31 15:03:47,635,40,44,42,72,81,85,76,42,1832,2537,1856,42,50,76,87,0,0,0
2025-07-31 15:03:53,703,39,44,42,72,80,83,76,42,1832,1980,711,42,50,76,87,0,1,0
2025-07-31 15:03:59,727,39,44,42,72,81,84,76,42,1830,2176,1084,42,50,76,87,0,0,0
2025-07-31 15:04:05,910,39,44,42,73,81,85,77,42,1832,1980,711,42,50,76,87,0,0,0
2025-07-31 15:04:12,114,39,-39,41,72,-72,86,36,19,1830,2807,2450,42,50,76,87,1,1,0
2025-07-31 15:04:19,052,39,44,41,72,82,87,77,42,1834,2257,1262,42,49,76,87,0,0,0
2025-07-31 15:04:25,282,39,44,41,72,84,88,78,41,1830,1855,523,42,50,76,87,0,0,0
2025-07-31 15:04:31,447,39,44,41,73,84,89,78,41,1832,2606,2008,42,50,76,87,0,0,0
2025-07-31 15:04:37,544,39,44,41,72,86,89,79,41,1832,2579,1946,42,49,76,87,1,0,0
2025-07-31 15:04:43,614,39,44,41,71,85,87,78,41,1832,1849,514,42,50,76,87,0,0,0
2025-07-31 15:04:49,680,39,44,41,72,84,86,78,41,1832,1779,427,42,49,76,87,0,0,0
2025-07-31 15:04:55,750,39,44,41,72,81,85,76,41,1834,2523,1830,42,49,76,87,0,0,0
2025-07-31 15:05:01,871,39,44,41,72,82,85,77,41,1832,2497,1774,42,49,76,87,0,0,0
2025-07-31 15:05:08,054,39,44,41,71,79,85,75,41,1832,2436,1643,42,50,76,87,0,1,0
2025-07-31 15:05:14,108,39,44,41,71,78,84,74,41,1834,2205,1148,42,50,76,87,1,1,0
2025-07-31 15:05:21,259,39,44,41,69,81,87,75,42,1834,2382,1532,42,49,76,87,0,1,0
2025-07-31 15:05:27,335,39,44,41,70,83,90,76,42,1832,2336,1428,42,50,76,87,0,0,0
2025-07-31 15:05:33,401,40,45,41,70,85,92,77,42,1832,2752,2331,42,50,76,87,0,0,0
2025-07-31 15:05:39,673,40,45,41,72,85,92,78,42,1830,2692,2187,42,49,76,87,0,0,0
2025-07-31 15:05:45,839,40,45,42,71,84,90,77,42,1834,2589,1967,42,50,76,87,0,0,0
2025-07-31 15:05:51,887,40,45,42,72,82,88,77,42,1832,2601,1997,42,50,76,87,0,0,0
2025-07-31 15:05:58,067,40,45,42,73,80,87,76,43,1830,2445,1658,42,50,76,87,0,0,0
2025-07-31 15:06:04,253,40,45,42,72,77,85,74,43,1832,2406,1578,42,49,76,87,0,1,0
2025-07-31 15:06:11,369,41,46,42,69,74,85,71,43,1830,2164,1058,42,49,76,87,0,1,0
2025-07-31 15:06:17,479,41,46,42,69,76,86,72,43,1832,2336,1428,42,50,76,87,0,1,0
2025-07-31 15:06:23,612,41,47,42,68,77,88,72,44,1832,2287,1333,42,49,76,87,0,1,0
2025-07-31 15:06:29,705,41,47,42,70,77,90,73,44,1828,2072,862,42,49,76,87,0,1,0
2025-07-31 15:06:35,721,41,47,42,72,77,90,74,44,1828,3357,3610,42,50,76,87,0,1,0
2025-07-31 15:06:41,749,41,47,42,74,80,92,77,44,1832,2457,1688,42,50,76,87,0,0,0
2025-07-31 15:06:47,783,41,47,43,74,84,93,79,44,1830,3019,2885,42,50,76,87,0,0,0
2025-07-31 15:06:53,954,41,47,43,75,84,93,79,44,1828,2347,1453,42,50,76,87,0,0,0
2025-07-31 15:07:00,193,41,47,43,73,82,92,77,44,1828,3760,4466,42,50,76,87,0,0,0
2025-07-31 15:07:06,381,41,47,43,71,79,89,75,44,1830,3728,4405,42,49,76,87,0,1,0
2025-07-31 15:07:13,448,41,47,43,71,78,88,74,44,1832,3075,3010,42,50,76,87,0,1,0
2025-07-31 15:07:19,598,41,47,43,70,77,87,73,44,1830,1997,740,42,50,76,87,0,1,0
2025-07-31 15:07:25,732,41,47,43,71,78,89,74,44,1830,3312,3515,42,50,76,87,0,1,0
2025-07-31 15:07:31,869,41,47,43,71,81,90,76,44,1832,3357,3610,42,50,76,87,0,1,0
2025-07-31 15:07:38,076,41,47,43,73,82,92,77,44,1830,2720,2263,42,50,76,87,0,0,0
2025-07-31 15:07:44,161,41,47,43,74,83,92,78,44,1830,4012,5039,42,50,76,87,0,0,0
2025-07-31 15:07:50,333,41,47,43,73,84,90,78,44,1832,3792,4528,42,50,76,87,0,0,0
2025-07-31 15:07:56,382,41,47,43,72,82,89,77,44,1832,3728,4405,42,50,76,87,0,0,0
2025-07-31 15:08:02,498,41,47,43,72,81,88,76,44,1830,3728,4405,42,50,76,87,0,0,0
2025-07-31 15:08:09,478,41,47,43,72,78,87,75,44,1832,2925,2679,42,49,76,87,0,1,0
2025-07-31 15:08:15,616,41,47,43,70,76,86,73,44,1832,3138,3142,42,49,76,87,0,1,0
2025-07-31 15:08:21,731,41,47,43,71,78,86,74,44,1830,3266,3420,42,50,76,87,0,1,0
2025-07-31 15:08:27,806,41,47,43,72,80,89,76,44,1830,3312,3515,42,50,76,87,0,1,0
2025-07-31 15:08:33,950,41,46,43,73,81,90,77,43,1832,4387,5812,42,50,76,87,0,0,0
2025-07-31 15:08:40,069,41,46,43,74,83,91,78,43,1830,3977,4952,42,49,76,87,0,0,0
2025-07-31 15:08:46,265,41,46,43,74,84,91,79,43,1830,3728,4405,42,49,76,87,0,0,0
2025-07-31 15:08:52,346,41,46,42,73,84,90,78,43,1832,3728,4405,42,50,76,87,0,0,0
2025-07-31 15:08:58,544,41,46,42,72,82,88,77,43,1830,3728,4405,42,50,76,87,0,0,0
2025-07-31 15:09:05,597,41,45,42,72,81,87,76,43,1828,3728,4405,42,50,76,87,0,0,0
2025-07-31 15:09:11,753,41,45,42,71,77,85,74,43,1830,3728,4405,42,50,76,87,0,1,0
2025-07-31 15:09:17,818,41,45,42,71,75,84,73,43,1832,3036,2922,42,50,76,87,0,1,0
2025-07-31 15:09:23,895,41,45,42,70,77,85,73,43,1830,3138,3142,42,50,76,87,0,1,0
2025-07-31 15:09:29,951,41,45,42,71,77,86,74,43,1830,3244,3380,42,49,76,87,0,1,0
2025-07-31 15:09:35,983,40,45,42,73,80,89,76,43,1828,3312,3515,42,49,76,87,0,0,0
2025-07-31 15:09:42,066,40,45,42,73,81,90,77,43,1830,3977,4952,42,50,76,87,0,0,0
2025-07-31 15:09:48,190,40,45,42,76,82,91,79,43,1832,2752,2331,42,50,76,87,0,0,0
2025-07-31 15:09:54,235,40,45,42,76,84,91,80,42,1828,3728,4405,42,50,76,87,0,0,0
2025-07-31 15:10:00,411,40,45,42,74,84,91,79,42,1830,3728,4405,42,50,76,87,0,0,0
2025-07-31 15:10:06,481,40,45,42,71,82,90,76,42,1832,3728,4405,42,50,76,87,0,0,0
2025-07-31 15:10:12,550,40,45,42,70,84,88,77,42,1830,3312,3515,42,50,76,87,0,0,0
2025-07-31 15:10:18,581,40,44,42,72,83,87,77,42,1830,2630,2066,42,49,76,87,0,0,0
2025-07-31 15:10:24,631,40,44,42,73,81,85,77,42,1830,3881,4750,42,50,76,87,0,0,0
2025-07-31 15:10:30,702,40,44,42,72,81,85,76,42,1828,3560,4048,42,50,76,87,0,0,0
2025-07-31 15:10:36,767,40,44,42,70,81,85,75,42,1828,3460,3827,42,49,76,87,0,1,0
2025-07-31 15:10:43,906,40,44,42,70,80,85,75,42,1832,2184,1102,42,49,76,87,0,1,0
2025-07-31 15:10:50,104,39,44,42,71,82,86,76,42,1830,3138,3142,42,50,76,87,0,0,0
2025-07-31 15:10:56,160,39,44,41,75,82,87,78,42,1830,4132,5257,42,50,76,87,0,0,0
2025-07-31 15:11:02,260,39,44,41,76,84,90,80,42,1832,2616,2029,42,50,76,87,0,0,0
2025-07-31 15:11:08,319,39,44,41,76,83,90,79,42,1832,2589,1967,42,50,76,87,0,0,0
2025-07-31 15:11:14,423,39,44,41,74,83,90,78,42,1830,2492,1763,42,50,76,87,0,0,0
2025-07-31 15:11:20,505,39,44,41,73,83,89,78,41,1832,2546,1876,42,49,76,87,1,0,0
2025-07-31 15:11:26,576,39,44,41,72,83,89,77,41,1832,3406,3721,42,50,76,87,0,0,0
2025-07-31 15:11:32,635,39,44,41,72,82,87,77,41,1830,2532,1850,42,50,76,87,0,0,0
2025-07-31 15:11:38,694,39,43,41,73,81,85,77,41,1832,2518,1819,42,50,76,87,1,0,0
2025-07-31 15:11:44,722,39,43,41,73,81,84,77,41,1832,1752,392,42,50,76,87,0,0,0
2025-07-31 15:11:50,828,39,43,41,73,78,84,75,41,1830,2589,1967,42,49,76,87,0,1,0
2025-07-31 15:11:56,854,39,43,41,72,78,84,75,41,1832,2201,1147,42,50,76,87,1,1,0
2025-07-31 15:12:02,907,39,43,41,71,81,88,76,41,1832,2473,1718,42,50,76,87,0,1,0
2025-07-31 15:12:10,074,39,44,41,71,84,90,77,41,1830,2569,1929,42,49,76,87,0,0,0
2025-07-31 15:12:16,138,39,44,41,75,86,93,80,41,1830,2912,2661,42,49,76,87,0,0,0
2025-07-31 15:12:22,215,39,44,41,77,86,94,81,41,1832,2682,2170,42,49,76,87,0,0,0
2025-07-31 15:12:28,259,39,44,41,75,83,92,79,41,1830,2776,2382,42,50,76,87,1,0,0
2025-07-31 15:12:34,349,39,44,41,75,82,91,78,41,1830,2807,2450,42,50,76,87,0,0,0
2025-07-31 15:12:40,412,39,44,41,74,82,90,78,42,1832,2697,2203,42,50,76,87,0,0,0
2025-07-31 15:12:46,519,39,44,41,74,82,88,78,42,1832,2682,2170,42,49,76,87,0,0,0
2025-07-31 15:12:52,574,40,45,41,73,79,87,76,42,1830,2611,2023,42,50,76,87,0,1,0
2025-07-31 15:12:58,643,40,45,41,73,77,86,75,42,1830,2068,857,42,50,76,87,0,1,0
2025-07-31 15:13:04,770,40,45,42,71,76,85,73,43,1830,2088,894,42,50,76,87,0,1,0
2025-07-31 15:13:10,839,40,46,42,70,78,87,74,43,1828,2461,1688,42,50,76,87,0,1,0
2025-07-31 15:13:16,903,41,46,42,69,80,89,74,43,1828,2473,1718,42,50,76,87,0,1,0
2025-07-31 15:13:22,986,41,47,42,70,82,90,76,44,1830,2434,1638,42,50,76,87,0,1,0
2025-07-31 15:13:29,053,41,47,42,71,82,92,76,44,1828,2328,1414,42,50,76,87,0,0,0
2025-07-31 15:13:35,173,41,47,42,72,82,92,77,44,1828,3016,2890,42,50,76,87,0,0,0
2025-07-31 15:13:42,097,41,47,43,73,81,91,77,44,1830,2669,2143,42,50,76,87,0,0,0
2025-07-31 15:13:48,106,41,47,43,72,77,89,74,44,1828,2132,987,42,50,76,87,0,1,0
2025-07-31 15:13:54,207,42,48,43,71,74,88,72,45,1828,2122,969,42,50,76,87,0,1,0
2025-07-31 15:14:00,406,42,48,43,69,75,88,72,45,1830,3409,3735,42,49,76,87,0,1,0
2025-07-31 15:14:06,478,42,48,43,69,75,89,72,45,1830,2507,1799,42,50,76,87,0,1,0
2025-07-31 15:14:12,619,42,48,43,70,74,91,72,45,1828,2473,1718,42,50,76,87,0,1,0
2025-07-31 15:14:18,638,42,48,43,71,76,92,73,45,1828,2434,1638,42,50,76,87,0,1,0
2025-07-31 15:14:24,818,42,48,43,72,79,92,75,45,1830,3613,4159,42,49,76,87,0,1,0
2025-07-31 15:14:30,958,42,48,43,73,80,93,76,45,1828,2483,1743,42,50,76,87,0,0,0
2025-07-31 15:14:37,001,42,48,43,74,80,94,77,45,1828,3129,3129,42,49,76,87,0,0,0
2025-07-31 15:14:43,172,42,48,43,74,82,93,78,45,1830,3275,3440,42,50,76,87,0,0,0
2025-07-31 15:14:49,307,42,48,43,73,80,90,76,45,1830,3928,4854,42,50,76,87,0,0,0
2025-07-31 15:14:56,338,42,48,43,73,78,89,75,45,1828,2927,2691,42,49,76,87,0,1,0
2025-07-31 15:15:02,533,42,48,43,71,76,88,73,45,1830,2112,946,42,50,75,87,0,1,0
2025-07-31 15:15:08,658,42,48,43,72,77,89,74,45,1832,3461,3834,42,49,76,87,0,1,0
2025-07-31 15:15:14,686,42,48,43,72,79,90,75,45,1834,3510,3940,42,50,76,87,0,1,0
2025-07-31 15:15:21,024,42,48,43,73,80,91,76,45,1832,3561,4055,42,49,76,87,0,0,0
2025-07-31 15:15:27,076,42,48,43,74,81,92,77,45,1836,4350,5735,42,49,76,87,0,0,0
2025-07-31 15:15:33,115,42,48,43,74,81,92,77,45,1836,4136,5274,42,50,76,87,0,0,0
2025-07-31 15:15:39,142,42,48,43,73,81,90,77,45,1834,3896,4790,42,50,76,87,0,0,0
2025-07-31 15:15:45,292,42,47,43,72,81,89,76,45,1834,3896,4790,42,50,76,87,0,0,0
2025-07-31 15:15:51,501,42,47,43,73,81,88,77,45,1836,4024,5064,42,50,76,87,0,0,0
2025-07-31 15:15:58,505,42,47,43,71,79,87,75,45,1836,3087,3039,42,50,76,87,0,1,0
2025-07-31 15:16:04,645,42,47,43,69,77,86,73,44,1834,3253,3400,42,50,76,87,0,1,0
2025-07-31 15:16:10,798,42,47,43,70,80,87,75,44,1836,3409,3735,42,50,76,87,0,1,0
2025-07-31 15:16:17,010,42,47,43,72,81,89,76,44,1836,3432,3784,42,49,76,87,0,0,0
2025-07-31 15:16:23,317,42,47,43,73,81,90,77,44,1834,4244,5512,42,50,76,87,0,0,0
2025-07-31 15:16:29,474,42,47,43,73,82,91,77,44,1834,4061,5139,42,50,76,87,0,0,0
2025-07-31 15:16:36,490,42,47,43,71,83,90,77,44,1838,3866,4726,42,50,76,87,0,0,0
2025-07-31 15:16:42,529,41,47,43,70,81,88,75,44,1834,2821,2480,42,49,76,87,0,1,0
2025-07-31 15:16:48,701,41,47,43,70,81,87,75,44,1834,3147,3168,42,49,76,87,0,1,0
2025-07-31 15:16:54,911,41,47,43,71,81,88,76,44,1836,3386,3686,42,49,76,87,0,1,0
2025-07-31 15:17:01,245,41,47,43,72,82,89,77,44,1834,3386,3686,42,49,76,87,0,0,0
2025-07-31 15:17:07,453,41,47,43,72,81,89,76,44,1834,3993,4992,42,49,76,87,0,0,0
2025-07-31 15:17:13,594,41,46,43,72,81,90,76,43,1834,3956,4911,42,50,76,87,0,0,0
2025-07-31 15:17:20,602,41,46,43,70,82,89,76,43,1836,2837,2517,42,49,76,87,0,1,0
2025-07-31 15:17:26,808,41,46,43,70,81,88,75,43,1832,3174,3213,42,49,76,87,0,1,0
2025-07-31 15:17:33,016,41,45,43,72,81,88,76,43,1832,3294,3481,42,50,76,87,0,0,0
2025-07-31 15:17:39,086,41,45,43,72,84,90,78,43,1834,4136,5274,42,49,76,87,0,0,0
2025-07-31 15:17:45,287,41,45,43,74,83,90,78,43,1832,3928,4854,42,50,76,87,0,0,0
2025-07-31 15:17:51,482,41,45,42,75,82,91,78,43,1832,3633,4204,42,50,76,87,0,0,0
2025-07-31 15:17:57,633,41,45,42,73,84,90,78,43,1832,2710,2246,42,50,76,87,0,0,0
2025-07-31 15:18:03,668,40,45,42,72,84,89,78,43,1832,3693,4335,42,50,76,87,0,0,0
2025-07-31 15:18:10,844,40,45,42,72,84,88,78,43,1834,3866,4726,42,50,76,87,0,0,0
2025-07-31 15:18:17,050,40,45,42,74,81,86,77,43,1832,3866,4726,42,50,76,87,0,0,0
2025-07-31 15:18:23,242,40,45,42,74,80,85,77,42,1832,2611,2023,42,50,76,87,0,0,0
2025-07-31 15:18:29,270,40,45,42,74,77,83,75,42,1832,2596,1991,42,49,76,87,0,1,0
2025-07-31 15:18:35,402,40,45,42,73,76,83,74,42,1832,3050,2958,42,49,76,87,0,1,0
2025-07-31 15:18:41,608,40,45,42,73,77,83,75,42,1830,3192,3246,42,50,76,87,0,1,0
2025-07-31 15:18:47,639,40,45,42,74,79,85,76,42,1832,2407,1588,42,50,76,87,0,0,0
2025-07-31 15:18:53,810,40,45,42,75,81,87,78,42,1830,3050,2958,42,50,76,87,0,0,0
2025-07-31 15:19:00,882,40,44,42,76,83,89,79,42,1832,2710,2246,42,50,76,87,0,0,0
2025-07-31 15:19:07,039,40,44,42,76,82,90,79,42,1832,3016,2890,42,50,76,87,0,0,0
2025-07-31 15:19:13,237,40,44,42,75,83,89,79,42,1830,2623,2050,42,50,76,87,0,0,0
2025-07-31 15:19:19,270,39,44,41,73,83,89,78,42,1830,2569,1929,42,50,76,87,0,0,0
2025-07-31 15:19:25,449,39,44,41,72,83,87,77,42,1832,2596,1991,42,50,76,87,0,0,0
2025-07-31 15:19:31,621,39,44,41,72,83,86,77,42,1828,2569,1929,42,50,76,87,0,0,0
2025-07-31 15:19:37,780,39,44,41,73,82,85,77,42,1830,2569,1929,42,50,76,87,0,0,0
2025-07-31 15:19:43,831,39,44,41,74,79,84,76,42,1832,2533,1855,42,50,76,87,0,0,0
2025-07-31 15:19:50,081,39,44,41,73,78,83,75,41,1832,2569,1929,42,50,76,87,0,1,0
2025-07-31 15:19:56,887,39,44,41,73,76,82,74,41,1828,2195,1129,42,50,76,87,0,1,0
2025-07-31 15:20:03,090,39,-39,41,73,-73,84,36,19,1828,2303,1367,42,50,76,87,0,1,0
2025-07-31 15:20:09,279,39,44,41,73,78,86,75,41,1830,2447,1663,42,50,76,87,0,1,0
2025-07-31 15:20:15,316,39,43,41,74,82,89,78,41,1832,3480,3876,42,50,76,87,0,0,0
2025-07-31 15:20:21,370,39,43,41,76,85,91,80,41,1830,2837,2517,42,50,76,87,1,0,0
2025-07-31 15:20:27,563,39,43,41,77,84,92,80,41,1830,2745,2320,42,49,76,87,0,0,0
2025-07-31 15:20:33,700,39,43,41,76,83,91,79,41,1832,2584,1961,42,50,76,87,0,0,0
2025-07-31 15:20:39,866,39,43,41,75,85,90,80,41,1830,2495,1773,42,50,76,87,1,0,0
2025-07-31 15:20:46,050,39,43,41,75,85,89,80,41,1830,1687,326,42,50,76,87,0,0,0
2025-07-31 15:20:53,021,39,43,41,75,83,88,79,41,1828,2434,1638,42,50,76,87,0,0,0
2025-07-31 15:20:59,193,39,44,41,74,81,87,77,41,1830,1830,488,42,50,76,87,0,0,0
2025-07-31 15:21:05,226,39,44,41,74,79,87,76,41,1828,2507,1799,42,50,76,87,0,0,0
2025-07-31 15:21:11,262,39,44,41,74,78,86,76,42,1828,2253,1252,42,49,76,87,0,1,0
2025-07-31 15:21:17,296,40,45,41,72,76,85,74,42,1830,2274,1300,42,50,76,87,0,1,0
2025-07-31 15:21:23,483,40,45,41,71,75,85,73,42,1828,2245,1234,42,50,76,87,0,1,0
2025-07-31 15:21:29,530,40,45,42,69,77,87,73,43,1828,2263,1276,42,50,76,87,0,1,0
2025-07-31 15:21:35,708,40,46,42,69,80,90,74,43,1830,2088,894,42,49,76,87,0,1,0
2025-07-31 15:21:41,909,41,46,42,70,81,91,75,43,1828,2966,2780,42,50,76,87,0,1,0
2025-07-31 15:21:48,106,41,47,42,70,82,92,76,44,1826,2399,1567,42,50,76,87,0,1,0
2025-07-31 15:21:55,102,41,47,42,71,82,93,76,44,1828,3016,2890,42,50,76,87,0,0,0
2025-07-31 15:22:01,213,41,47,42,72,81,93,76,44,1828,2521,1829,42,49,76,87,0,0,0
2025-07-31 15:22:07,328,41,47,43,71,80,91,75,44,1826,2837,2517,42,50,76,87,0,1,0
2025-07-31 15:22:13,539,41,47,43,71,77,89,74,44,1826,3210,3298,42,50,76,87,0,1,0
2025-07-31 15:22:19,688,42,48,43,71,76,89,73,45,1826,2253,1252,42,50,76,87,0,1,0
2025-07-31 15:22:25,821,42,48,43,71,79,91,75,45,1826,3534,3996,42,50,76,87,0,1,0
2025-07-31 15:22:31,979,42,48,43,71,80,93,75,45,1826,3534,3996,42,49,76,87,0,1,0
2025-07-31 15:22:38,156,42,48,43,73,80,93,76,45,1828,3561,4055,42,50,76,87,0,0,0
2025-07-31 15:22:44,300,42,48,43,74,80,94,77,45,1828,4350,5735,42,50,76,87,0,0,0
2025-07-31 15:22:51,515,42,48,43,74,80,93,77,45,1826,3993,4992,42,49,76,87,0,0,0
2025-07-31 15:22:57,723,42,48,43,71,77,90,74,45,1828,3866,4726,42,50,76,87,0,1,0
2025-07-31 15:23:03,745,42,48,43,71,76,89,73,45,1830,3341,3582,42,50,76,87,0,1,0
2025-07-31 15:23:09,934,42,48,43,71,77,90,74,45,1830,3386,3686,42,49,76,87,0,1,0
2025-07-31 15:23:16,140,42,48,44,72,79,91,75,45,1828,3534,3996,42,50,76,87,0,1,0
2025-07-31 15:23:22,275,42,48,43,72,80,91,76,45,1832,3613,4159,42,50,76,87,0,1,0
2025-07-31 15:23:29,311,42,48,44,74,81,93,77,45,1832,4597,6268,42,50,76,87,0,0,0
2025-07-31 15:23:35,476,42,48,44,74,82,92,78,45,1832,3993,4992,42,50,76,87,0,0,0
2025-07-31 15:23:41,502,42,48,44,71,81,90,76,45,1832,3928,4854,42,50,76,87,0,1,0
2025-07-31 15:23:47,698,42,48,44,70,80,89,75,45,1834,3253,3400,42,49,76,87,0,1,0
2025-07-31 15:23:53,705,42,48,44,70,80,90,75,45,1832,3432,3784,42,50,76,87,0,1,0
2025-07-31 15:23:59,931,42,48,44,72,82,91,77,45,1834,2821,2480,42,49,76,87,0,0,0
2025-07-31 15:24:05,985,42,48,44,74,82,93,78,45,1836,4633,6354,42,50,76,87,0,0,0
2025-07-31 15:24:12,049,42,48,44,74,82,92,78,45,1836,4061,5139,42,50,76,87,0,0,0
2025-07-31 15:24:18,125,42,47,44,71,83,91,77,45,1834,3956,4911,42,50,76,87,0,0,0
2025-07-31 15:24:24,157,42,47,43,70,81,89,75,45,1834,2888,2619,42,50,76,87,0,1,0
2025-07-31 15:24:30,299,42,47,43,70,81,88,75,45,1836,3253,3400,42,50,76,87,0,1,0
2025-07-31 15:24:36,422,42,47,43,71,81,88,76,45,1834,3409,3735,42,50,76,87,0,1,0
2025-07-31 15:24:42,507,42,47,43,72,81,89,76,45,1836,3480,3876,42,50,76,87,0,0,0
2025-07-31 15:24:49,551,42,47,43,73,81,91,77,44,1838,3896,4790,42,50,76,87,0,0,0
2025-07-31 15:24:55,670,42,47,43,71,81,90,76,44,1838,3866,4726,42,50,76,87,0,1,0
2025-07-31 15:25:01,705,42,47,43,70,81,88,75,44,1836,2821,2480,42,50,76,87,0,1,0
2025-07-31 15:25:07,795,42,47,43,70,81,88,75,44,1834,3341,3582,42,49,76,87,0,1,0
2025-07-31 15:25:13,818,42,47,43,71,82,89,76,44,1834,2447,1663,42,49,76,87,0,0,0
2025-07-31 15:25:19,838,42,47,43,73,84,90,78,44,1836,4176,5351,42,49,76,87,0,0,0
2025-07-31 15:25:25,954,41,47,43,73,82,91,77,44,1836,3993,4992,42,50,76,87,0,0,0
2025-07-31 15:25:32,081,41,47,43,72,84,90,78,44,1834,3866,4726,42,49,76,87,0,0,0
2025-07-31 15:25:38,182,41,47,43,71,82,89,76,44,1832,2710,2246,42,50,76,87,0,0,0
2025-07-31 15:25:44,227,41,46,43,72,81,87,76,44,1834,2682,2170,42,50,76,87,0,0,0
2025-07-31 15:25:50,328,41,46,43,72,78,86,75,44,1832,2682,2170,42,50,76,87,0,1,0
2025-07-31 15:25:56,399,41,46,43,70,78,85,74,44,1830,3174,3213,42,50,76,87,0,1,0
2025-07-31 15:26:02,507,41,46,43,70,77,85,73,44,1834,2374,1510,42,50,76,87,0,1,0
2025-07-31 15:26:08,643,41,46,43,71,78,88,74,43,1832,2421,1618,42,50,76,87,0,1,0
2025-07-31 15:26:15,853,41,46,43,72,81,89,76,43,1830,2533,1855,42,50,76,87,0,0,0
2025-07-31 15:26:21,943,41,46,43,74,84,91,79,43,1830,2927,2691,42,50,76,87,0,0,0
2025-07-31 15:26:28,062,41,46,43,74,83,91,78,43,1832,2760,2348,42,50,76,87,0,0,0
2025-07-31 15:26:34,197,41,46,43,73,82,91,77,43,1832,2710,2246,42,49,76,87,0,0,0
2025-07-31 15:26:40,302,41,45,43,72,82,90,77,43,1828,2611,2023,42,50,76,87,0,0,0
2025-07-31 15:26:46,412,41,45,43,72,81,88,76,43,1828,2623,2050,42,50,76,87,0,0,0
2025-07-31 15:26:52,456,41,45,43,72,81,87,76,43,1828,2584,1961,42,50,76,87,0,0,0
2025-07-31 15:26:58,474,41,45,43,71,78,86,74,43,1832,2623,2050,42,50,76,87,0,1,0
2025-07-31 15:27:04,504,41,45,42,71,77,84,74,43,1830,2224,1192,42,50,76,87,0,1,0
2025-07-31 15:27:10,558,41,45,42,71,79,85,75,43,1828,2285,1329,42,49,76,87,0,1,0
2025-07-31 15:27:16,714,40,45,42,72,81,87,76,43,1830,2349,1462,42,50,76,87,0,0,0
2025-07-31 15:27:22,790,40,45,42,74,82,88,78,43,1828,2999,2853,42,50,76,87,0,0,0
2025-07-31 15:27:28,975,40,45,42,75,83,90,79,43,1828,2654,2110,42,50,76,87,0,0,0
2025-07-31 15:27:35,935,40,45,42,74,83,90,78,42,1830,2596,1991,42,50,76,87,0,0,0
2025-07-31 15:27:42,026,40,45,42,73,82,90,77,42,1828,2560,1907,42,50,76,87,0,0,0
2025-07-31 15:27:48,130,40,45,42,71,82,88,76,42,1828,2483,1743,42,50,76,87,0,0,0
2025-07-31 15:27:54,217,40,45,42,72,81,87,76,42,1828,2495,1773,42,50,76,87,0,0,0
2025-07-31 15:28:00,245,40,44,42,73,80,85,76,42,1830,2521,1829,42,49,76,87,0,0,0
2025-07-31 15:28:06,334,40,44,42,73,78,84,75,42,1830,2495,1773,42,50,76,87,0,1,0
2025-07-31 15:28:12,402,40,44,42,73,77,83,75,42,1828,2060,843,42,50,76,87,0,1,0
2025-07-31 15:28:18,478,40,44,42,72,76,83,74,42,1828,2112,946,42,49,76,87,0,1,0
2025-07-31 15:28:24,607,40,44,42,74,78,85,76,42,1830,2245,1234,42,49,76,87,0,1,0
2025-07-31 15:28:30,862,40,44,42,75,82,87,78,42,1828,3174,3213,42,49,76,87,0,0,0
2025-07-31 15:28:36,995,40,44,42,76,83,89,79,42,1828,2623,2050,42,50,76,87,0,0,0
2025-07-31 15:28:43,985,39,44,41,77,83,90,80,42,1832,2342,1443,42,50,76,87,0,0,0
2025-07-31 15:28:50,272,39,44,41,76,83,90,79,42,1828,2146,1022,42,50,76,87,0,0,0
2025-07-31 15:28:56,474,39,44,41,74,84,90,79,42,1828,2421,1618,42,49,76,87,0,0,0
2025-07-31 15:29:02,766,39,44,41,73,83,89,78,42,1830,2461,1688,42,50,76,87,0,0,0
2025-07-31 15:29:08,944,39,44,41,73,82,87,77,41,1830,1664,302,42,50,76,87,0,0,0
2025-07-31 15:29:15,352,39,43,41,74,81,85,77,41,1828,2253,1252,42,50,76,87,1,0,0
2025-07-31 15:29:22,030,39,43,41,75,82,84,78,41,1830,3366,3630,42,49,76,87,0,0,0
2025-07-31 15:29:28,667,39,43,41,74,79,84,76,41,1830,2421,1618,42,50,76,87,0,0,0
2025-07-31 15:29:36,090,39,-39,41,74,-74,83,37,19,1828,2421,1618,42,50,76,87,0,1,0
2025-07-31 15:29:45,511,39,43,41,73,76,82,74,41,1828,1725,363,42,49,76,87,1,1,0
2025-07-31 15:29:52,326,39,44,41,72,78,85,75,41,1830,3070,2998,42,49,76,87,0,1,0
2025-07-31 15:29:58,376,39,44,41,70,83,89,76,41,1830,3294,3481,42,50,76,87,1,0,0
2025-07-31 15:30:04,533,39,44,41,73,84,91,78,41,1830,4100,5198,42,50,76,87,0,0,0
2025-07-31 15:30:10,687,39,44,41,75,82,91,78,41,1832,3693,4335,42,50,76,87,0,0,0
2025-07-31 15:30:16,771,39,44,41,74,82,90,78,41,1832,3693,4335,42,50,76,87,1,0,0
2025-07-31 15:30:22,850,39,44,41,74,82,89,78,42,1830,2521,1829,42,50,76,87,0,0,0
2025-07-31 15:30:29,098,39,44,41,73,82,88,77,42,1828,3781,4512,42,50,76,87,0,0,0
2025-07-31 15:30:35,547,39,44,41,72,82,89,77,42,1828,3866,4726,42,50,76,87,0,0,0
2025-07-31 15:30:43,426,40,45,41,71,81,88,76,42,1828,2710,2246,42,50,76,87,0,1,0
2025-07-31 15:30:50,494,40,45,42,70,79,87,74,43,1828,3108,3083,42,50,76,87,0,1,0
2025-07-31 15:30:56,782,40,46,42,68,82,89,75,43,1828,3210,3298,42,50,76,87,0,1,0
2025-07-31 15:31:02,900,41,46,42,69,85,92,77,43,1826,3366,3630,42,50,76,87,0,0,0
2025-07-31 15:31:09,176,41,46,42,70,84,92,77,43,1826,4208,5435,42,49,76,87,0,0,0
2025-07-31 15:31:15,287,41,47,42,72,84,92,78,44,1826,3993,4992,42,50,76,87,0,0,0
